
=== Section A: Length plots ===
Loading processed_record_ehr.pkl ...
  Loaded 46032 RecordEHR objects
  Building length matrices ...
  Aggregating across 46032 records ...
    saved length_mean_surface.png
    saved length_mean_heatmap.png
    saved length_median_surface.png
    saved length_median_heatmap.png
    saved length_std_surface.png
    saved length_std_heatmap.png
    saved length_max_surface.png
    saved length_max_heatmap.png
    saved length_min_surface.png
    saved length_min_heatmap.png

=== Section B+C: Filter impact / McNemar plots ===
  icu/mean ...
    saved filter_impact_icu_mean_test_accuracy.png
    saved filter_impact_icu_mean_test_f1.png
    saved mcnemar_icu_mean.png
  icu/median ...
    saved filter_impact_icu_median_test_accuracy.png
    saved filter_impact_icu_median_test_f1.png
    saved mcnemar_icu_median.png
  icu/standard deviation ...
    saved filter_impact_icu_standard_deviation_test_accuracy.png
    saved filter_impact_icu_standard_deviation_test_f1.png
    saved mcnemar_icu_standard_deviation.png
  icu/mean deviation ...
    saved filter_impact_icu_mean_deviation_test_accuracy.png
    saved filter_impact_icu_mean_deviation_test_f1.png
    saved mcnemar_icu_mean_deviation.png
  icu/maximum deviation ...
    saved filter_impact_icu_maximum_deviation_test_accuracy.png
    saved filter_impact_icu_maximum_deviation_test_f1.png
    saved mcnemar_icu_maximum_deviation.png
  mortality/mean ...
    saved filter_impact_mortality_mean_test_accuracy.png
    saved filter_impact_mortality_mean_test_f1.png
    saved mcnemar_mortality_mean.png
  mortality/median ...
    saved filter_impact_mortality_median_test_accuracy.png
    saved filter_impact_mortality_median_test_f1.png
    saved mcnemar_mortality_median.png
  mortality/standard deviation ...
    saved filter_impact_mortality_standard_deviation_test_accuracy.png
    saved filter_impact_mortality_standard_deviation_test_f1.png
    saved mcnemar_mortality_standard_deviation.png
  mortality/mean deviation ...
    saved filter_impact_mortality_mean_deviation_test_accuracy.png
    saved filter_impact_mortality_mean_deviation_test_f1.png
    saved mcnemar_mortality_mean_deviation.png
  mortality/maximum deviation ...
    saved filter_impact_mortality_maximum_deviation_test_accuracy.png
    saved filter_impact_mortality_maximum_deviation_test_f1.png
    saved mcnemar_mortality_maximum_deviation.png

=== Section D: Centroid plots ===
Loading centroid caches ...
  Done loading centroids
  mean/heart rate ...
    saved centroid_shift_mean_heart_rate.png
    saved centroid_density_maxrange_mean_heart_rate.png
    saved centroid_density_p95_mean_heart_rate.png
  mean/systolic blood pressure ...
    saved centroid_shift_mean_systolic_blood_pressure.png
    saved centroid_density_maxrange_mean_systolic_blood_pressure.png
    saved centroid_density_p95_mean_systolic_blood_pressure.png
  mean/diastolic blood pressure ...
    saved centroid_shift_mean_diastolic_blood_pressure.png
    saved centroid_density_maxrange_mean_diastolic_blood_pressure.png
    saved centroid_density_p95_mean_diastolic_blood_pressure.png
  mean/mean blood pressure ...
    saved centroid_shift_mean_mean_blood_pressure.png
    saved centroid_density_maxrange_mean_mean_blood_pressure.png
    saved centroid_density_p95_mean_mean_blood_pressure.png
  mean/respiration rate ...
    saved centroid_shift_mean_respiration_rate.png
    saved centroid_density_maxrange_mean_respiration_rate.png
    saved centroid_density_p95_mean_respiration_rate.png
  mean/temperature ...
    saved centroid_shift_mean_temperature.png
    saved centroid_density_maxrange_mean_temperature.png
    saved centroid_density_p95_mean_temperature.png
  mean/oxygen saturation ...
    saved centroid_shift_mean_oxygen_saturation.png
    saved centroid_density_maxrange_mean_oxygen_saturation.png
    saved centroid_density_p95_mean_oxygen_saturation.png
  mean/fill missing data ...
    saved centroid_shift_mean_fill_missing_data.png
    saved centroid_density_maxrange_mean_fill_missing_data.png
    saved centroid_density_p95_mean_fill_missing_data.png
  mean/long missing segment ...
    saved centroid_shift_mean_long_missing_segment.png
    saved centroid_density_maxrange_mean_long_missing_segment.png
    saved centroid_density_p95_mean_long_missing_segment.png
  mean/long gap ...
    saved centroid_shift_mean_long_gap.png
    saved centroid_density_maxrange_mean_long_gap.png
    saved centroid_density_p95_mean_long_gap.png
  mean/high invalid data ...
    saved centroid_shift_mean_high_invalid_data.png
    saved centroid_density_maxrange_mean_high_invalid_data.png
    saved centroid_density_p95_mean_high_invalid_data.png
  mean/all vitals ...
    saved centroid_shift_mean_all_vitals.png
    saved centroid_density_maxrange_mean_all_vitals.png
    saved centroid_density_p95_mean_all_vitals.png
  median/heart rate ...
    saved centroid_shift_median_heart_rate.png
    saved centroid_density_maxrange_median_heart_rate.png
    saved centroid_density_p95_median_heart_rate.png
  median/systolic blood pressure ...
    saved centroid_shift_median_systolic_blood_pressure.png
    saved centroid_density_maxrange_median_systolic_blood_pressure.png
    saved centroid_density_p95_median_systolic_blood_pressure.png
  median/diastolic blood pressure ...
    saved centroid_shift_median_diastolic_blood_pressure.png
    saved centroid_density_maxrange_median_diastolic_blood_pressure.png
    saved centroid_density_p95_median_diastolic_blood_pressure.png
  median/mean blood pressure ...
    saved centroid_shift_median_mean_blood_pressure.png
    saved centroid_density_maxrange_median_mean_blood_pressure.png
    saved centroid_density_p95_median_mean_blood_pressure.png
  median/respiration rate ...
    saved centroid_shift_median_respiration_rate.png
    saved centroid_density_maxrange_median_respiration_rate.png
    saved centroid_density_p95_median_respiration_rate.png
  median/temperature ...
    saved centroid_shift_median_temperature.png
    saved centroid_density_maxrange_median_temperature.png
    saved centroid_density_p95_median_temperature.png
  median/oxygen saturation ...
    saved centroid_shift_median_oxygen_saturation.png
    saved centroid_density_maxrange_median_oxygen_saturation.png
    saved centroid_density_p95_median_oxygen_saturation.png
  median/fill missing data ...
    saved centroid_shift_median_fill_missing_data.png
    saved centroid_density_maxrange_median_fill_missing_data.png
    saved centroid_density_p95_median_fill_missing_data.png
  median/long missing segment ...
    saved centroid_shift_median_long_missing_segment.png
    saved centroid_density_maxrange_median_long_missing_segment.png
    saved centroid_density_p95_median_long_missing_segment.png
  median/long gap ...
    saved centroid_shift_median_long_gap.png
    saved centroid_density_maxrange_median_long_gap.png
    saved centroid_density_p95_median_long_gap.png
  median/high invalid data ...
    saved centroid_shift_median_high_invalid_data.png
    saved centroid_density_maxrange_median_high_invalid_data.png
    saved centroid_density_p95_median_high_invalid_data.png
  median/all vitals ...
    saved centroid_shift_median_all_vitals.png
    saved centroid_density_maxrange_median_all_vitals.png
    saved centroid_density_p95_median_all_vitals.png
  standard deviation/heart rate ...
    saved centroid_shift_standard_deviation_heart_rate.png
    saved centroid_density_maxrange_standard_deviation_heart_rate.png
    saved centroid_density_p95_standard_deviation_heart_rate.png
  standard deviation/systolic blood pressure ...
    saved centroid_shift_standard_deviation_systolic_blood_pressure.png
    saved centroid_density_maxrange_standard_deviation_systolic_blood_pressure.png
    saved centroid_density_p95_standard_deviation_systolic_blood_pressure.png
  standard deviation/diastolic blood pressure ...
    saved centroid_shift_standard_deviation_diastolic_blood_pressure.png
    saved centroid_density_maxrange_standard_deviation_diastolic_blood_pressure.png
    saved centroid_density_p95_standard_deviation_diastolic_blood_pressure.png
  standard deviation/mean blood pressure ...
    saved centroid_shift_standard_deviation_mean_blood_pressure.png
    saved centroid_density_maxrange_standard_deviation_mean_blood_pressure.png
    saved centroid_density_p95_standard_deviation_mean_blood_pressure.png
  standard deviation/respiration rate ...
    saved centroid_shift_standard_deviation_respiration_rate.png
    saved centroid_density_maxrange_standard_deviation_respiration_rate.png
    saved centroid_density_p95_standard_deviation_respiration_rate.png
  standard deviation/temperature ...
    saved centroid_shift_standard_deviation_temperature.png
    saved centroid_density_maxrange_standard_deviation_temperature.png
    saved centroid_density_p95_standard_deviation_temperature.png
  standard deviation/oxygen saturation ...
    saved centroid_shift_standard_deviation_oxygen_saturation.png
    saved centroid_density_maxrange_standard_deviation_oxygen_saturation.png
    saved centroid_density_p95_standard_deviation_oxygen_saturation.png
  standard deviation/fill missing data ...
    saved centroid_shift_standard_deviation_fill_missing_data.png
    saved centroid_density_maxrange_standard_deviation_fill_missing_data.png
    saved centroid_density_p95_standard_deviation_fill_missing_data.png
  standard deviation/long missing segment ...
    saved centroid_shift_standard_deviation_long_missing_segment.png
    saved centroid_density_maxrange_standard_deviation_long_missing_segment.png
    saved centroid_density_p95_standard_deviation_long_missing_segment.png
  standard deviation/long gap ...
    saved centroid_shift_standard_deviation_long_gap.png
    saved centroid_density_maxrange_standard_deviation_long_gap.png
    saved centroid_density_p95_standard_deviation_long_gap.png
  standard deviation/high invalid data ...
      [attempt failed] centroid_shift_plot: operands could not be broadcast together with shapes (0,) (7,) 
    [skip] centroid_shift_standard_deviation_high_invalid_data: figure is None
      [attempt failed] centroid_plot: too many indices for array: array is 1-dimensional, but 2 were indexed
    [skip] centroid_density_maxrange_standard_deviation_high_invalid_data: figure is None
      [attempt failed] centroid_plot: too many indices for array: array is 1-dimensional, but 2 were indexed
    [skip] centroid_density_p95_standard_deviation_high_invalid_data: figure is None
  standard deviation/all vitals ...
    saved centroid_shift_standard_deviation_all_vitals.png
    saved centroid_density_maxrange_standard_deviation_all_vitals.png
    saved centroid_density_p95_standard_deviation_all_vitals.png
  mean deviation/heart rate ...
    saved centroid_shift_mean_deviation_heart_rate.png
    saved centroid_density_maxrange_mean_deviation_heart_rate.png
    saved centroid_density_p95_mean_deviation_heart_rate.png
  mean deviation/systolic blood pressure ...
    saved centroid_shift_mean_deviation_systolic_blood_pressure.png
    saved centroid_density_maxrange_mean_deviation_systolic_blood_pressure.png
    saved centroid_density_p95_mean_deviation_systolic_blood_pressure.png
  mean deviation/diastolic blood pressure ...
    saved centroid_shift_mean_deviation_diastolic_blood_pressure.png
    saved centroid_density_maxrange_mean_deviation_diastolic_blood_pressure.png
    saved centroid_density_p95_mean_deviation_diastolic_blood_pressure.png
  mean deviation/mean blood pressure ...
    saved centroid_shift_mean_deviation_mean_blood_pressure.png
    saved centroid_density_maxrange_mean_deviation_mean_blood_pressure.png
    saved centroid_density_p95_mean_deviation_mean_blood_pressure.png
  mean deviation/respiration rate ...
    saved centroid_shift_mean_deviation_respiration_rate.png
    saved centroid_density_maxrange_mean_deviation_respiration_rate.png
    saved centroid_density_p95_mean_deviation_respiration_rate.png
  mean deviation/temperature ...
    saved centroid_shift_mean_deviation_temperature.png
    saved centroid_density_maxrange_mean_deviation_temperature.png
    saved centroid_density_p95_mean_deviation_temperature.png
  mean deviation/oxygen saturation ...
    saved centroid_shift_mean_deviation_oxygen_saturation.png
    saved centroid_density_maxrange_mean_deviation_oxygen_saturation.png
    saved centroid_density_p95_mean_deviation_oxygen_saturation.png
  mean deviation/fill missing data ...
    saved centroid_shift_mean_deviation_fill_missing_data.png
    saved centroid_density_maxrange_mean_deviation_fill_missing_data.png
    saved centroid_density_p95_mean_deviation_fill_missing_data.png
  mean deviation/long missing segment ...
    saved centroid_shift_mean_deviation_long_missing_segment.png
    saved centroid_density_maxrange_mean_deviation_long_missing_segment.png
    saved centroid_density_p95_mean_deviation_long_missing_segment.png
  mean deviation/long gap ...
    saved centroid_shift_mean_deviation_long_gap.png
    saved centroid_density_maxrange_mean_deviation_long_gap.png
    saved centroid_density_p95_mean_deviation_long_gap.png
  mean deviation/high invalid data ...
      [attempt failed] centroid_shift_plot: operands could not be broadcast together with shapes (0,) (7,) 
    [skip] centroid_shift_mean_deviation_high_invalid_data: figure is None
      [attempt failed] centroid_plot: too many indices for array: array is 1-dimensional, but 2 were indexed
    [skip] centroid_density_maxrange_mean_deviation_high_invalid_data: figure is None
      [attempt failed] centroid_plot: too many indices for array: array is 1-dimensional, but 2 were indexed
    [skip] centroid_density_p95_mean_deviation_high_invalid_data: figure is None
  mean deviation/all vitals ...
    saved centroid_shift_mean_deviation_all_vitals.png
    saved centroid_density_maxrange_mean_deviation_all_vitals.png
    saved centroid_density_p95_mean_deviation_all_vitals.png
  maximum deviation/heart rate ...
    saved centroid_shift_maximum_deviation_heart_rate.png
    saved centroid_density_maxrange_maximum_deviation_heart_rate.png
    saved centroid_density_p95_maximum_deviation_heart_rate.png
  maximum deviation/systolic blood pressure ...
    saved centroid_shift_maximum_deviation_systolic_blood_pressure.png
    saved centroid_density_maxrange_maximum_deviation_systolic_blood_pressure.png
    saved centroid_density_p95_maximum_deviation_systolic_blood_pressure.png
  maximum deviation/diastolic blood pressure ...
    saved centroid_shift_maximum_deviation_diastolic_blood_pressure.png
    saved centroid_density_maxrange_maximum_deviation_diastolic_blood_pressure.png
    saved centroid_density_p95_maximum_deviation_diastolic_blood_pressure.png
  maximum deviation/mean blood pressure ...
    saved centroid_shift_maximum_deviation_mean_blood_pressure.png
    saved centroid_density_maxrange_maximum_deviation_mean_blood_pressure.png
    saved centroid_density_p95_maximum_deviation_mean_blood_pressure.png
  maximum deviation/respiration rate ...
    saved centroid_shift_maximum_deviation_respiration_rate.png
    saved centroid_density_maxrange_maximum_deviation_respiration_rate.png
    saved centroid_density_p95_maximum_deviation_respiration_rate.png
  maximum deviation/temperature ...
    saved centroid_shift_maximum_deviation_temperature.png
    saved centroid_density_maxrange_maximum_deviation_temperature.png
    saved centroid_density_p95_maximum_deviation_temperature.png
  maximum deviation/oxygen saturation ...
    saved centroid_shift_maximum_deviation_oxygen_saturation.png
    saved centroid_density_maxrange_maximum_deviation_oxygen_saturation.png
    saved centroid_density_p95_maximum_deviation_oxygen_saturation.png
  maximum deviation/fill missing data ...
    saved centroid_shift_maximum_deviation_fill_missing_data.png
    saved centroid_density_maxrange_maximum_deviation_fill_missing_data.png
    saved centroid_density_p95_maximum_deviation_fill_missing_data.png
  maximum deviation/long missing segment ...
    saved centroid_shift_maximum_deviation_long_missing_segment.png
    saved centroid_density_maxrange_maximum_deviation_long_missing_segment.png
    saved centroid_density_p95_maximum_deviation_long_missing_segment.png
  maximum deviation/long gap ...
    saved centroid_shift_maximum_deviation_long_gap.png
    saved centroid_density_maxrange_maximum_deviation_long_gap.png
    saved centroid_density_p95_maximum_deviation_long_gap.png
  maximum deviation/high invalid data ...
      [attempt failed] centroid_shift_plot: operands could not be broadcast together with shapes (0,) (7,) 
    [skip] centroid_shift_maximum_deviation_high_invalid_data: figure is None
      [attempt failed] centroid_plot: too many indices for array: array is 1-dimensional, but 2 were indexed
    [skip] centroid_density_maxrange_maximum_deviation_high_invalid_data: figure is None
      [attempt failed] centroid_plot: too many indices for array: array is 1-dimensional, but 2 were indexed
    [skip] centroid_density_p95_maximum_deviation_high_invalid_data: figure is None
  maximum deviation/all vitals ...
    saved centroid_shift_maximum_deviation_all_vitals.png
    saved centroid_density_maxrange_maximum_deviation_all_vitals.png
    saved centroid_density_p95_maximum_deviation_all_vitals.png

Manifest fragment written: /home/ccampb47/work/graph-gallery/static/graphs/marimo_manifest_fragment.json  (211 records)
Render job complete.
